#
# There is insufficient memory for the Java Runtime Environment to continue.
# Native memory allocation (malloc) failed to allocate 1048576 bytes. Error detail: AllocateHeap
# Possible reasons:
#   The system is out of physical RAM or swap space
#   This process is running with CompressedOops enabled, and the Java Heap may be blocking the growth of the native heap
# Possible solutions:
#   Reduce memory load on the system
#   Increase physical memory or swap space
#   Check if swap backing store is full
#   Decrease Java heap size (-Xmx/-Xms)
#   Decrease number of Java threads
#   Decrease Java thread stack sizes (-Xss)
#   Set larger code cache with -XX:ReservedCodeCacheSize=
#   JVM is running with Unscaled Compressed Oops mode in which the Java heap is
#     placed in the first 4GB address space. The Java Heap base address is the
#     maximum limit for the native heap growth. Please use -XX:HeapBaseMinAddress
#     to set the Java Heap base and to place the Java Heap above 4GB virtual address.
# This output file may be truncated or incomplete.
#
#  Out of Memory Error (allocation.cpp:44), pid=24164, tid=49976
#
# JRE version: OpenJDK Runtime Environment Temurin-21.0.8+9 (21.0.8+9) (build 21.0.8+9-LTS)
# Java VM: OpenJDK 64-Bit Server VM Temurin-21.0.8+9 (21.0.8+9-LTS, mixed mode, sharing, tiered, compressed oops, compressed class ptrs, parallel gc, windows-amd64)
# No core dump will be written. Minidumps are not enabled by default on client versions of Windows
#

---------------  S U M M A R Y ------------

Command Line: --add-modules=ALL-SYSTEM --add-opens=java.base/java.util=ALL-UNNAMED --add-opens=java.base/java.lang=ALL-UNNAMED --add-opens=java.base/sun.nio.fs=ALL-UNNAMED -Declipse.application=org.eclipse.jdt.ls.core.id1 -Dosgi.bundles.defaultStartLevel=4 -Declipse.product=org.eclipse.jdt.ls.core.product -Djava.import.generatesMetadataFilesAtProjectRoot=false -DDetectVMInstallationsJob.disabled=true -Dfile.encoding=utf8 -XX:+UseParallelGC -XX:GCTimeRatio=4 -XX:AdaptiveSizePolicyWeight=90 -Dsun.zip.disableMemoryMapping=true -Xmx2G -Xms100m -Xlog:disable -javaagent:c:\Users\XRest\.vscode\extensions\redhat.java-1.44.0-win32-x64\lombok\lombok-1.18.39-4050.jar -XX:+HeapDumpOnOutOfMemoryError -XX:HeapDumpPath=c:\Users\XRest\AppData\Roaming\Code\User\workspaceStorage\c3b24f97112ac990cb9a2bfdae47ff71\redhat.java -Daether.dependencyCollector.impl=bf c:\Users\XRest\.vscode\extensions\redhat.java-1.44.0-win32-x64\server\plugins\org.eclipse.equinox.launcher_1.7.0.v20250519-0528.jar -configuration c:\Users\XRest\AppData\Roaming\Code\User\globalStorage\redhat.java\1.44.0\config_win -data c:\Users\XRest\AppData\Roaming\Code\User\workspaceStorage\c3b24f97112ac990cb9a2bfdae47ff71\redhat.java\jdt_ws --pipe=\\.\pipe\lsp-665ce2a6366514a4a8f9ba3dccec4600-sock

Host: Intel(R) Core(TM) i7-5500U CPU @ 2.40GHz, 4 cores, 7G,  Windows 10 , 64 bit Build 19041 (10.0.19041.5915)
Time: Mon Oct  6 12:59:49 2025 Eastern Daylight Time elapsed time: 46740.970143 seconds (0d 12h 59m 0s)

---------------  T H R E A D  ---------------

Current thread (0x000002e357f16810):  JavaThread "Attach Listener" daemon [_thread_in_vm, id=49976, stack(0x000000f539100000,0x000000f539200000) (1024K)]

Stack: [0x000000f539100000,0x000000f539200000]
Native frames: (J=compiled Java code, j=interpreted, Vv=VM code, C=native code)
V  [jvm.dll+0x6d2449]
V  [jvm.dll+0x8ae341]
V  [jvm.dll+0x8b08be]
V  [jvm.dll+0x8b0fa3]
V  [jvm.dll+0x280c96]
V  [jvm.dll+0xc0347]
V  [jvm.dll+0x6d2cf9]
V  [jvm.dll+0x131116]
V  [jvm.dll+0x3f2d16]
V  [jvm.dll+0x857e6b]
V  [jvm.dll+0x6d0b0d]
C  [ucrtbase.dll+0x21bb2]
C  [KERNEL32.DLL+0x17374]
C  [ntdll.dll+0x4cc91]


---------------  P R O C E S S  ---------------

Threads class SMR info:
_java_thread_list=0x000002e39e9d6690, length=31, elements={
0x000002e33f30aa20, 0x000002e357f12480, 0x000002e357f13d80, 0x000002e357f15900,
0x000002e357f16810, 0x000002e357f17720, 0x000002e357f1b190, 0x000002e357f1dfd0,
0x000002e357f8c7e0, 0x000002e3415a12a0, 0x000002e399df85e0, 0x000002e399d852f0,
0x000002e39e2fe6b0, 0x000002e399f26740, 0x000002e399f273f0, 0x000002e39f30b800,
0x000002e39e22fed0, 0x000002e39e3954e0, 0x000002e39e3947c0, 0x000002e39e393410,
0x000002e39ffd9790, 0x000002e39ffde650, 0x000002e39ffdc580, 0x000002e39ffdece0,
0x000002e39ffdcc10, 0x000002e39ffdab40, 0x000002e39ffdd2a0, 0x000002e39ffd9e20,
0x000002e39f76d630, 0x000002e39f76f700, 0x000002e39e393aa0
}

Java Threads: ( => current thread )
  0x000002e33f30aa20 JavaThread "main"                              [_thread_blocked, id=54996, stack(0x000000f538a00000,0x000000f538b00000) (1024K)]
  0x000002e357f12480 JavaThread "Reference Handler"          daemon [_thread_blocked, id=50944, stack(0x000000f538e00000,0x000000f538f00000) (1024K)]
  0x000002e357f13d80 JavaThread "Finalizer"                  daemon [_thread_blocked, id=44612, stack(0x000000f538f00000,0x000000f539000000) (1024K)]
  0x000002e357f15900 JavaThread "Signal Dispatcher"          daemon [_thread_blocked, id=22768, stack(0x000000f539000000,0x000000f539100000) (1024K)]
=>0x000002e357f16810 JavaThread "Attach Listener"            daemon [_thread_in_vm, id=49976, stack(0x000000f539100000,0x000000f539200000) (1024K)]
  0x000002e357f17720 JavaThread "Service Thread"             daemon [_thread_blocked, id=29176, stack(0x000000f539200000,0x000000f539300000) (1024K)]
  0x000002e357f1b190 JavaThread "Monitor Deflation Thread"   daemon [_thread_blocked, id=60352, stack(0x000000f539300000,0x000000f539400000) (1024K)]
  0x000002e357f1dfd0 JavaThread "C2 CompilerThread0"         daemon [_thread_blocked, id=45828, stack(0x000000f539400000,0x000000f539500000) (1024K)]
  0x000002e357f8c7e0 JavaThread "C1 CompilerThread0"         daemon [_thread_blocked, id=37244, stack(0x000000f539500000,0x000000f539600000) (1024K)]
  0x000002e3415a12a0 JavaThread "Common-Cleaner"             daemon [_thread_blocked, id=38352, stack(0x000000f539600000,0x000000f539700000) (1024K)]
  0x000002e399df85e0 JavaThread "Notification Thread"        daemon [_thread_blocked, id=56424, stack(0x000000f539700000,0x000000f539800000) (1024K)]
  0x000002e399d852f0 JavaThread "Active Thread: Equinox Container: db0b617a-1564-4add-90ae-328df8a8a1e0"        [_thread_blocked, id=55984, stack(0x000000f539800000,0x000000f539900000) (1024K)]
  0x000002e39e2fe6b0 JavaThread "Refresh Thread: Equinox Container: db0b617a-1564-4add-90ae-328df8a8a1e0" daemon [_thread_blocked, id=17620, stack(0x000000f539c00000,0x000000f539d00000) (1024K)]
  0x000002e399f26740 JavaThread "Framework Event Dispatcher: Equinox Container: db0b617a-1564-4add-90ae-328df8a8a1e0" daemon [_thread_blocked, id=23588, stack(0x000000f539d00000,0x000000f539e00000) (1024K)]
  0x000002e399f273f0 JavaThread "Start Level: Equinox Container: db0b617a-1564-4add-90ae-328df8a8a1e0" daemon [_thread_blocked, id=39484, stack(0x000000f539e00000,0x000000f539f00000) (1024K)]
  0x000002e39f30b800 JavaThread "Bundle File Closer"         daemon [_thread_blocked, id=51704, stack(0x000000f539f00000,0x000000f53a000000) (1024K)]
  0x000002e39e22fed0 JavaThread "SCR Component Actor"        daemon [_thread_blocked, id=53852, stack(0x000000f538800000,0x000000f538900000) (1024K)]
  0x000002e39e3954e0 JavaThread "Worker-JM"                         [_thread_blocked, id=44604, stack(0x000000f53a200000,0x000000f53a300000) (1024K)]
  0x000002e39e3947c0 JavaThread "JNA Cleaner"                daemon [_thread_blocked, id=44444, stack(0x000000f53a100000,0x000000f53a200000) (1024K)]
  0x000002e39e393410 JavaThread "Java indexing"              daemon [_thread_blocked, id=16964, stack(0x000000f53a800000,0x000000f53a900000) (1024K)]
  0x000002e39ffd9790 JavaThread "Thread-2"                   daemon [_thread_in_native, id=22168, stack(0x000000f53a000000,0x000000f53a100000) (1024K)]
  0x000002e39ffde650 JavaThread "Thread-3"                   daemon [_thread_in_native, id=46764, stack(0x000000f53ae00000,0x000000f53af00000) (1024K)]
  0x000002e39ffdc580 JavaThread "Thread-4"                   daemon [_thread_in_native, id=37012, stack(0x000000f53af00000,0x000000f53b000000) (1024K)]
  0x000002e39ffdece0 JavaThread "Thread-5"                   daemon [_thread_in_native, id=5288, stack(0x000000f53b000000,0x000000f53b100000) (1024K)]
  0x000002e39ffdcc10 JavaThread "Thread-6"                   daemon [_thread_in_native, id=41872, stack(0x000000f53b100000,0x000000f53b200000) (1024K)]
  0x000002e39ffdab40 JavaThread "pool-2-thread-1"                   [_thread_blocked, id=57196, stack(0x000000f53b200000,0x000000f53b300000) (1024K)]
  0x000002e39ffdd2a0 JavaThread "WorkspaceEventsHandler"            [_thread_blocked, id=31340, stack(0x000000f53b300000,0x000000f53b400000) (1024K)]
  0x000002e39ffd9e20 JavaThread "pool-1-thread-1"                   [_thread_blocked, id=30972, stack(0x000000f53b400000,0x000000f53b500000) (1024K)]
  0x000002e39f76d630 JavaThread "Cleaner-0"                  daemon [_thread_blocked, id=12120, stack(0x000000f53bb00000,0x000000f53bc00000) (1024K)]
  0x000002e39f76f700 JavaThread "Worker-18"                         [_thread_blocked, id=46248, stack(0x000000f53a700000,0x000000f53a800000) (1024K)]
  0x000002e39e393aa0 JavaThread "Worker-24"                         [_thread_blocked, id=30576, stack(0x000000f538900000,0x000000f538a00000) (1024K)]
Total: 31

Other Threads:
  0x000002e357efe7f0 VMThread "VM Thread"                           [id=56204, stack(0x000000f538d00000,0x000000f538e00000) (1024K)]
  0x000002e3415a0a10 WatcherThread "VM Periodic Task Thread"        [id=61072, stack(0x000000f538c00000,0x000000f538d00000) (1024K)]
  0x000002e341554110 WorkerThread "GC Thread#0"                     [id=44600, stack(0x000000f538b00000,0x000000f538c00000) (1024K)]
  0x000002e39e784290 WorkerThread "GC Thread#1"                     [id=53152, stack(0x000000f539900000,0x000000f539a00000) (1024K)]
  0x000002e39e784630 WorkerThread "GC Thread#2"                     [id=42440, stack(0x000000f539a00000,0x000000f539b00000) (1024K)]
  0x000002e39e7849d0 WorkerThread "GC Thread#3"                     [id=42696, stack(0x000000f539b00000,0x000000f539c00000) (1024K)]
Total: 6

Threads with active compile tasks:
Total: 0

VM state: not at safepoint (normal execution)

VM Mutex/Monitor currently owned by a thread: None

Heap address: 0x0000000080000000, size: 2048 MB, Compressed Oops mode: 32-bit

CDS archive(s) mapped at: [0x000002e358000000-0x000002e358ba0000-0x000002e358ba0000), size 12189696, SharedBaseAddress: 0x000002e358000000, ArchiveRelocationMode: 1.
Compressed class space mapped at: 0x000002e359000000-0x000002e399000000, reserved size: 1073741824
Narrow klass base: 0x000002e358000000, Narrow klass shift: 0, Narrow klass range: 0x100000000

GC Precious Log:
 CardTable entry size: 512
 CPUs: 4 total, 4 available
 Memory: 8109M
 Large Page Support: Disabled
 NUMA Support: Disabled
 Compressed Oops: Enabled (32-bit)
 Alignments: Space 512K, Generation 512K, Heap 2M
 Heap Min Capacity: 100M
 Heap Initial Capacity: 100M
 Heap Max Capacity: 2G
 Pre-touch: Disabled
 Parallel Workers: 4

Heap:
 PSYoungGen      total 3072K, used 345K [0x00000000d5580000, 0x00000000d5a80000, 0x0000000100000000)
  eden space 2560K, 8% used [0x00000000d5580000,0x00000000d55b64d0,0x00000000d5800000)
  from space 512K, 25% used [0x00000000d5a00000,0x00000000d5a20000,0x00000000d5a80000)
  to   space 512K, 0% used [0x00000000d5980000,0x00000000d5980000,0x00000000d5a00000)
 ParOldGen       total 378880K, used 378696K [0x0000000080000000, 0x0000000097200000, 0x00000000d5580000)
  object space 378880K, 99% used [0x0000000080000000,0x00000000971d2200,0x0000000097200000)
 Metaspace       used 85150K, committed 86464K, reserved 1179648K
  class space    used 8456K, committed 9088K, reserved 1048576K

Card table byte_map: [0x000002e340f10000,0x000002e341320000] _byte_map_base: 0x000002e340b10000

Marking Bits: (ParMarkBitMap*) 0x00007ffd15a7a340
 Begin Bits: [0x000002e3539e0000, 0x000002e3559e0000)
 End Bits:   [0x000002e3559e0000, 0x000002e3579e0000)

Polling page: 0x000002e340d00000

Metaspace:

Usage:
  Non-class:     74.90 MB used.
      Class:      8.26 MB used.
       Both:     83.15 MB used.

Virtual space:
  Non-class space:      128.00 MB reserved,      75.56 MB ( 59%) committed,  2 nodes.
      Class space:        1.00 GB reserved,       8.88 MB ( <1%) committed,  1 nodes.
             Both:        1.12 GB reserved,      84.44 MB (  7%) committed. 

Chunk freelists:
   Non-Class:  4.34 MB
       Class:  7.08 MB
        Both:  11.42 MB

MaxMetaspaceSize: unlimited
CompressedClassSpaceSize: 1.00 GB
Initial GC threshold: 21.00 MB
Current GC threshold: 140.75 MB
CDS: on
 - commit_granule_bytes: 65536.
 - commit_granule_words: 8192.
 - virtual_space_node_default_size: 8388608.
 - enlarge_chunks_in_place: 1.
 - use_allocation_guard: 0.


Internal statistics:

num_allocs_failed_limit: 9.
num_arena_births: 1672.
num_arena_deaths: 366.
num_vsnodes_births: 3.
num_vsnodes_deaths: 0.
num_space_committed: 1351.
num_space_uncommitted: 0.
num_chunks_returned_to_freelist: 413.
num_chunks_taken_from_freelist: 6038.
num_chunk_merges: 110.
num_chunk_splits: 3469.
num_chunks_enlarged: 1857.
num_inconsistent_stats: 0.

CodeHeap 'non-profiled nmethods': size=120000Kb used=19474Kb max_used=22094Kb free=100525Kb
 bounds [0x000002e34c200000, 0x000002e34d7b0000, 0x000002e353730000]
CodeHeap 'profiled nmethods': size=120000Kb used=28694Kb max_used=46510Kb free=91305Kb
 bounds [0x000002e344730000, 0x000002e3474a0000, 0x000002e34bc60000]
CodeHeap 'non-nmethods': size=5760Kb used=1509Kb max_used=1578Kb free=4250Kb
 bounds [0x000002e34bc60000, 0x000002e34bed0000, 0x000002e34c200000]
CodeCache: size=245760Kb, used=49677Kb, max_used=70182Kb, free=196080Kb
 total_blobs=13555, nmethods=12727, adapters=728, full_count=0
Compilation: enabled, stopped_count=0, restarted_count=0

Compilation events (20 events):
Event: 5382.305 Thread 0x000002e357f8c7e0 24208       3       java.lang.ProcessHandleImpl::<init> (15 bytes)
Event: 5382.305 Thread 0x000002e357f8c7e0 nmethod 24208 0x000002e3449e0410 code [0x000002e3449e05c0, 0x000002e3449e0730]
Event: 5386.984 Thread 0x000002e357f8c7e0 24209       1       org.eclipse.jdt.internal.core.manipulation.search.IOccurrencesFinder$OccurrenceLocation::getOffset (5 bytes)
Event: 5386.984 Thread 0x000002e357f8c7e0 nmethod 24209 0x000002e34c2af590 code [0x000002e34c2af720, 0x000002e34c2af7e8]
Event: 5386.984 Thread 0x000002e357f8c7e0 24210       3       org.eclipse.lsp4j.Position::<init> (15 bytes)
Event: 5386.985 Thread 0x000002e357f8c7e0 nmethod 24210 0x000002e3449e2a90 code [0x000002e3449e2c40, 0x000002e3449e2db0]
Event: 5391.477 Thread 0x000002e357f1dfd0 24211       4       java.util.concurrent.ForkJoinTask::casAux (13 bytes)
Event: 5391.478 Thread 0x000002e357f1dfd0 nmethod 24211 0x000002e34c2b0e90 code [0x000002e34c2b1020, 0x000002e34c2b10e0]
Event: 5391.903 Thread 0x000002e357f8c7e0 24212       1       org.eclipse.jdt.internal.core.search.matching.PatternLocator::match (2 bytes)
Event: 5391.904 Thread 0x000002e357f8c7e0 nmethod 24212 0x000002e34c2b3990 code [0x000002e34c2b3b20, 0x000002e34c2b3be8]
Event: 5391.906 Thread 0x000002e357f1dfd0 24213       4       org.eclipse.core.runtime.Path::makeAbsolute (66 bytes)
Event: 5391.912 Thread 0x000002e357f1dfd0 nmethod 24213 0x000002e34c812990 code [0x000002e34c812b60, 0x000002e34c812dc8]
Event: 46562.642 Thread 0x000002e357f8c7e0 24214       3       java.security.AccessControlContext::combine (205 bytes)
Event: 46562.657 Thread 0x000002e357f8c7e0 nmethod 24214 0x000002e344bb5110 code [0x000002e344bb5340, 0x000002e344bb5de8]
Event: 46563.093 Thread 0x000002e357f8c7e0 24215       3       java.io.ObjectOutputStream$BlockDataOutputStream::getUTFLength (124 bytes)
Event: 46563.096 Thread 0x000002e357f8c7e0 nmethod 24215 0x000002e3449f0410 code [0x000002e3449f0600, 0x000002e3449f0ba8]
Event: 46563.096 Thread 0x000002e357f8c7e0 24216       3       java.io.ObjectOutputStream$BlockDataOutputStream::writeBytes (144 bytes)
Event: 46563.102 Thread 0x000002e357f8c7e0 nmethod 24216 0x000002e344ef7590 code [0x000002e344ef77a0, 0x000002e344ef7e18]
Event: 46563.318 Thread 0x000002e357f8c7e0 24217       3       org.eclipse.core.internal.localstore.SafeChunkyOutputStream::write (17 bytes)
Event: 46563.325 Thread 0x000002e357f8c7e0 nmethod 24217 0x000002e344b13210 code [0x000002e344b133e0, 0x000002e344b136a8]

GC Heap History (20 events):
Event: 5390.732 GC heap before
{Heap before GC invocations=8074 (full 8):
 PSYoungGen      total 2560K, used 2400K [0x00000000d5580000, 0x00000000d5980000, 0x0000000100000000)
  eden space 2048K, 100% used [0x00000000d5580000,0x00000000d5780000,0x00000000d5780000)
  from space 512K, 68% used [0x00000000d5900000,0x00000000d5958000,0x00000000d5980000)
  to   space 512K, 0% used [0x00000000d5880000,0x00000000d5880000,0x00000000d5900000)
 ParOldGen       total 370688K, used 370186K [0x0000000080000000, 0x0000000096a00000, 0x00000000d5580000)
  object space 370688K, 99% used [0x0000000080000000,0x0000000096982a98,0x0000000096a00000)
 Metaspace       used 85147K, committed 86464K, reserved 1179648K
  class space    used 8456K, committed 9088K, reserved 1048576K
}
Event: 5390.736 GC heap after
{Heap after GC invocations=8074 (full 8):
 PSYoungGen      total 2560K, used 64K [0x00000000d5580000, 0x00000000d5980000, 0x0000000100000000)
  eden space 2048K, 0% used [0x00000000d5580000,0x00000000d5580000,0x00000000d5780000)
  from space 512K, 12% used [0x00000000d5880000,0x00000000d5890000,0x00000000d5900000)
  to   space 512K, 0% used [0x00000000d5900000,0x00000000d5900000,0x00000000d5980000)
 ParOldGen       total 370688K, used 370485K [0x0000000080000000, 0x0000000096a00000, 0x00000000d5580000)
  object space 370688K, 99% used [0x0000000080000000,0x00000000969cd5d0,0x0000000096a00000)
 Metaspace       used 85147K, committed 86464K, reserved 1179648K
  class space    used 8456K, committed 9088K, reserved 1048576K
}
Event: 5391.454 GC heap before
{Heap before GC invocations=8075 (full 8):
 PSYoungGen      total 2560K, used 2112K [0x00000000d5580000, 0x00000000d5980000, 0x0000000100000000)
  eden space 2048K, 100% used [0x00000000d5580000,0x00000000d5780000,0x00000000d5780000)
  from space 512K, 12% used [0x00000000d5880000,0x00000000d5890000,0x00000000d5900000)
  to   space 512K, 0% used [0x00000000d5900000,0x00000000d5900000,0x00000000d5980000)
 ParOldGen       total 370688K, used 370485K [0x0000000080000000, 0x0000000096a00000, 0x00000000d5580000)
  object space 370688K, 99% used [0x0000000080000000,0x00000000969cd5d0,0x0000000096a00000)
 Metaspace       used 85147K, committed 86464K, reserved 1179648K
  class space    used 8456K, committed 9088K, reserved 1048576K
}
Event: 5391.457 GC heap after
{Heap after GC invocations=8075 (full 8):
 PSYoungGen      total 2048K, used 493K [0x00000000d5580000, 0x00000000d5b80000, 0x0000000100000000)
  eden space 1536K, 0% used [0x00000000d5580000,0x00000000d5580000,0x00000000d5700000)
  from space 512K, 96% used [0x00000000d5900000,0x00000000d597b630,0x00000000d5980000)
  to   space 2048K, 0% used [0x00000000d5700000,0x00000000d5700000,0x00000000d5900000)
 ParOldGen       total 371712K, used 371397K [0x0000000080000000, 0x0000000096b00000, 0x00000000d5580000)
  object space 371712K, 99% used [0x0000000080000000,0x0000000096ab15d0,0x0000000096b00000)
 Metaspace       used 85147K, committed 86464K, reserved 1179648K
  class space    used 8456K, committed 9088K, reserved 1048576K
}
Event: 5391.465 GC heap before
{Heap before GC invocations=8076 (full 8):
 PSYoungGen      total 2048K, used 2029K [0x00000000d5580000, 0x00000000d5b80000, 0x0000000100000000)
  eden space 1536K, 99% used [0x00000000d5580000,0x00000000d56fffe8,0x00000000d5700000)
  from space 512K, 96% used [0x00000000d5900000,0x00000000d597b630,0x00000000d5980000)
  to   space 2048K, 0% used [0x00000000d5700000,0x00000000d5700000,0x00000000d5900000)
 ParOldGen       total 371712K, used 371397K [0x0000000080000000, 0x0000000096b00000, 0x00000000d5580000)
  object space 371712K, 99% used [0x0000000080000000,0x0000000096ab15d0,0x0000000096b00000)
 Metaspace       used 85147K, committed 86464K, reserved 1179648K
  class space    used 8456K, committed 9088K, reserved 1048576K
}
Event: 5391.469 GC heap after
{Heap after GC invocations=8076 (full 8):
 PSYoungGen      total 3584K, used 1536K [0x00000000d5580000, 0x00000000d5b00000, 0x0000000100000000)
  eden space 1536K, 0% used [0x00000000d5580000,0x00000000d5580000,0x00000000d5700000)
  from space 2048K, 75% used [0x00000000d5700000,0x00000000d5880000,0x00000000d5900000)
  to   space 2048K, 0% used [0x00000000d5900000,0x00000000d5900000,0x00000000d5b00000)
 ParOldGen       total 372224K, used 371908K [0x0000000080000000, 0x0000000096b80000, 0x00000000d5580000)
  object space 372224K, 99% used [0x0000000080000000,0x0000000096b31100,0x0000000096b80000)
 Metaspace       used 85147K, committed 86464K, reserved 1179648K
  class space    used 8456K, committed 9088K, reserved 1048576K
}
Event: 5391.480 GC heap before
{Heap before GC invocations=8077 (full 8):
 PSYoungGen      total 3584K, used 3072K [0x00000000d5580000, 0x00000000d5b00000, 0x0000000100000000)
  eden space 1536K, 100% used [0x00000000d5580000,0x00000000d5700000,0x00000000d5700000)
  from space 2048K, 75% used [0x00000000d5700000,0x00000000d5880000,0x00000000d5900000)
  to   space 2048K, 0% used [0x00000000d5900000,0x00000000d5900000,0x00000000d5b00000)
 ParOldGen       total 372224K, used 371908K [0x0000000080000000, 0x0000000096b80000, 0x00000000d5580000)
  object space 372224K, 99% used [0x0000000080000000,0x0000000096b31100,0x0000000096b80000)
 Metaspace       used 85147K, committed 86464K, reserved 1179648K
  class space    used 8456K, committed 9088K, reserved 1048576K
}
Event: 5391.486 GC heap after
{Heap after GC invocations=8077 (full 8):
 PSYoungGen      total 3072K, used 1485K [0x00000000d5580000, 0x00000000d5a80000, 0x0000000100000000)
  eden space 1536K, 0% used [0x00000000d5580000,0x00000000d5580000,0x00000000d5700000)
  from space 1536K, 96% used [0x00000000d5900000,0x00000000d5a73630,0x00000000d5a80000)
  to   space 1536K, 0% used [0x00000000d5780000,0x00000000d5780000,0x00000000d5900000)
 ParOldGen       total 373760K, used 373396K [0x0000000080000000, 0x0000000096d00000, 0x00000000d5580000)
  object space 373760K, 99% used [0x0000000080000000,0x0000000096ca5100,0x0000000096d00000)
 Metaspace       used 85147K, committed 86464K, reserved 1179648K
  class space    used 8456K, committed 9088K, reserved 1048576K
}
Event: 5391.494 GC heap before
{Heap before GC invocations=8078 (full 8):
 PSYoungGen      total 3072K, used 3021K [0x00000000d5580000, 0x00000000d5a80000, 0x0000000100000000)
  eden space 1536K, 100% used [0x00000000d5580000,0x00000000d5700000,0x00000000d5700000)
  from space 1536K, 96% used [0x00000000d5900000,0x00000000d5a73630,0x00000000d5a80000)
  to   space 1536K, 0% used [0x00000000d5780000,0x00000000d5780000,0x00000000d5900000)
 ParOldGen       total 373760K, used 373396K [0x0000000080000000, 0x0000000096d00000, 0x00000000d5580000)
  object space 373760K, 99% used [0x0000000080000000,0x0000000096ca5100,0x0000000096d00000)
 Metaspace       used 85147K, committed 86464K, reserved 1179648K
  class space    used 8456K, committed 9088K, reserved 1048576K
}
Event: 5391.498 GC heap after
{Heap after GC invocations=8078 (full 8):
 PSYoungGen      total 3584K, used 1536K [0x00000000d5580000, 0x00000000d5e80000, 0x0000000100000000)
  eden space 2048K, 0% used [0x00000000d5580000,0x00000000d5580000,0x00000000d5780000)
  from space 1536K, 100% used [0x00000000d5780000,0x00000000d5900000,0x00000000d5900000)
  to   space 3584K, 0% used [0x00000000d5b00000,0x00000000d5b00000,0x00000000d5e80000)
 ParOldGen       total 375296K, used 374825K [0x0000000080000000, 0x0000000096e80000, 0x00000000d5580000)
  object space 375296K, 99% used [0x0000000080000000,0x0000000096e0a730,0x0000000096e80000)
 Metaspace       used 85147K, committed 86464K, reserved 1179648K
  class space    used 8456K, committed 9088K, reserved 1048576K
}
Event: 5391.523 GC heap before
{Heap before GC invocations=8079 (full 8):
 PSYoungGen      total 3584K, used 3584K [0x00000000d5580000, 0x00000000d5e80000, 0x0000000100000000)
  eden space 2048K, 100% used [0x00000000d5580000,0x00000000d5780000,0x00000000d5780000)
  from space 1536K, 100% used [0x00000000d5780000,0x00000000d5900000,0x00000000d5900000)
  to   space 3584K, 0% used [0x00000000d5b00000,0x00000000d5b00000,0x00000000d5e80000)
 ParOldGen       total 375296K, used 374825K [0x0000000080000000, 0x0000000096e80000, 0x00000000d5580000)
  object space 375296K, 99% used [0x0000000080000000,0x0000000096e0a730,0x0000000096e80000)
 Metaspace       used 85147K, committed 86464K, reserved 1179648K
  class space    used 8456K, committed 9088K, reserved 1048576K
}
Event: 5391.528 GC heap after
{Heap after GC invocations=8079 (full 8):
 PSYoungGen      total 4608K, used 1856K [0x00000000d5580000, 0x00000000d5d00000, 0x0000000100000000)
  eden space 2560K, 0% used [0x00000000d5580000,0x00000000d5580000,0x00000000d5800000)
  from space 2048K, 90% used [0x00000000d5b00000,0x00000000d5cd0000,0x00000000d5d00000)
  to   space 2560K, 0% used [0x00000000d5800000,0x00000000d5800000,0x00000000d5a80000)
 ParOldGen       total 376832K, used 376353K [0x0000000080000000, 0x0000000097000000, 0x00000000d5580000)
  object space 376832K, 99% used [0x0000000080000000,0x0000000096f88730,0x0000000097000000)
 Metaspace       used 85147K, committed 86464K, reserved 1179648K
  class space    used 8456K, committed 9088K, reserved 1048576K
}
Event: 5391.892 GC heap before
{Heap before GC invocations=8080 (full 8):
 PSYoungGen      total 4608K, used 4416K [0x00000000d5580000, 0x00000000d5d00000, 0x0000000100000000)
  eden space 2560K, 100% used [0x00000000d5580000,0x00000000d5800000,0x00000000d5800000)
  from space 2048K, 90% used [0x00000000d5b00000,0x00000000d5cd0000,0x00000000d5d00000)
  to   space 2560K, 0% used [0x00000000d5800000,0x00000000d5800000,0x00000000d5a80000)
 ParOldGen       total 376832K, used 376353K [0x0000000080000000, 0x0000000097000000, 0x00000000d5580000)
  object space 376832K, 99% used [0x0000000080000000,0x0000000096f88730,0x0000000097000000)
 Metaspace       used 85147K, committed 86464K, reserved 1179648K
  class space    used 8456K, committed 9088K, reserved 1048576K
}
Event: 5391.896 GC heap after
{Heap after GC invocations=8080 (full 8):
 PSYoungGen      total 3072K, used 480K [0x00000000d5580000, 0x00000000d5b80000, 0x0000000100000000)
  eden space 2560K, 0% used [0x00000000d5580000,0x00000000d5580000,0x00000000d5800000)
  from space 512K, 93% used [0x00000000d5800000,0x00000000d5878000,0x00000000d5880000)
  to   space 1536K, 0% used [0x00000000d5a00000,0x00000000d5a00000,0x00000000d5b80000)
 ParOldGen       total 378368K, used 378089K [0x0000000080000000, 0x0000000097180000, 0x00000000d5580000)
  object space 378368K, 99% used [0x0000000080000000,0x000000009713a730,0x0000000097180000)
 Metaspace       used 85147K, committed 86464K, reserved 1179648K
  class space    used 8456K, committed 9088K, reserved 1048576K
}
Event: 5391.908 GC heap before
{Heap before GC invocations=8081 (full 8):
 PSYoungGen      total 3072K, used 3040K [0x00000000d5580000, 0x00000000d5b80000, 0x0000000100000000)
  eden space 2560K, 100% used [0x00000000d5580000,0x00000000d5800000,0x00000000d5800000)
  from space 512K, 93% used [0x00000000d5800000,0x00000000d5878000,0x00000000d5880000)
  to   space 1536K, 0% used [0x00000000d5a00000,0x00000000d5a00000,0x00000000d5b80000)
 ParOldGen       total 378368K, used 378089K [0x0000000080000000, 0x0000000097180000, 0x00000000d5580000)
  object space 378368K, 99% used [0x0000000080000000,0x000000009713a730,0x0000000097180000)
 Metaspace       used 85147K, committed 86464K, reserved 1179648K
  class space    used 8456K, committed 9088K, reserved 1048576K
}
Event: 5391.911 GC heap after
{Heap after GC invocations=8081 (full 8):
 PSYoungGen      total 3584K, used 768K [0x00000000d5580000, 0x00000000d5b00000, 0x0000000100000000)
  eden space 2560K, 0% used [0x00000000d5580000,0x00000000d5580000,0x00000000d5800000)
  from space 1024K, 75% used [0x00000000d5a00000,0x00000000d5ac0000,0x00000000d5b00000)
  to   space 1024K, 0% used [0x00000000d5900000,0x00000000d5900000,0x00000000d5a00000)
 ParOldGen       total 378368K, used 378129K [0x0000000080000000, 0x0000000097180000, 0x00000000d5580000)
  object space 378368K, 99% used [0x0000000080000000,0x0000000097144730,0x0000000097180000)
 Metaspace       used 85147K, committed 86464K, reserved 1179648K
  class space    used 8456K, committed 9088K, reserved 1048576K
}
Event: 5391.922 GC heap before
{Heap before GC invocations=8082 (full 8):
 PSYoungGen      total 3584K, used 3327K [0x00000000d5580000, 0x00000000d5b00000, 0x0000000100000000)
  eden space 2560K, 99% used [0x00000000d5580000,0x00000000d57fffc8,0x00000000d5800000)
  from space 1024K, 75% used [0x00000000d5a00000,0x00000000d5ac0000,0x00000000d5b00000)
  to   space 1024K, 0% used [0x00000000d5900000,0x00000000d5900000,0x00000000d5a00000)
 ParOldGen       total 378368K, used 378129K [0x0000000080000000, 0x0000000097180000, 0x00000000d5580000)
  object space 378368K, 99% used [0x0000000080000000,0x0000000097144730,0x0000000097180000)
 Metaspace       used 85147K, committed 86464K, reserved 1179648K
  class space    used 8456K, committed 9088K, reserved 1048576K
}
Event: 5391.924 GC heap after
{Heap after GC invocations=8082 (full 8):
 PSYoungGen      total 3584K, used 544K [0x00000000d5580000, 0x00000000d5a80000, 0x0000000100000000)
  eden space 2560K, 0% used [0x00000000d5580000,0x00000000d5580000,0x00000000d5800000)
  from space 1024K, 53% used [0x00000000d5900000,0x00000000d5988000,0x00000000d5a00000)
  to   space 512K, 0% used [0x00000000d5a00000,0x00000000d5a00000,0x00000000d5a80000)
 ParOldGen       total 378880K, used 378564K [0x0000000080000000, 0x0000000097200000, 0x00000000d5580000)
  object space 378880K, 99% used [0x0000000080000000,0x00000000971b11f0,0x0000000097200000)
 Metaspace       used 85147K, committed 86464K, reserved 1179648K
  class space    used 8456K, committed 9088K, reserved 1048576K
}
Event: 46563.118 GC heap before
{Heap before GC invocations=8083 (full 8):
 PSYoungGen      total 3584K, used 3104K [0x00000000d5580000, 0x00000000d5a80000, 0x0000000100000000)
  eden space 2560K, 100% used [0x00000000d5580000,0x00000000d5800000,0x00000000d5800000)
  from space 1024K, 53% used [0x00000000d5900000,0x00000000d5988000,0x00000000d5a00000)
  to   space 512K, 0% used [0x00000000d5a00000,0x00000000d5a00000,0x00000000d5a80000)
 ParOldGen       total 378880K, used 378564K [0x0000000080000000, 0x0000000097200000, 0x00000000d5580000)
  object space 378880K, 99% used [0x0000000080000000,0x00000000971b11f0,0x0000000097200000)
 Metaspace       used 85149K, committed 86464K, reserved 1179648K
  class space    used 8456K, committed 9088K, reserved 1048576K
}
Event: 46563.298 GC heap after
{Heap after GC invocations=8083 (full 8):
 PSYoungGen      total 3072K, used 128K [0x00000000d5580000, 0x00000000d5a80000, 0x0000000100000000)
  eden space 2560K, 0% used [0x00000000d5580000,0x00000000d5580000,0x00000000d5800000)
  from space 512K, 25% used [0x00000000d5a00000,0x00000000d5a20000,0x00000000d5a80000)
  to   space 512K, 0% used [0x00000000d5980000,0x00000000d5980000,0x00000000d5a00000)
 ParOldGen       total 378880K, used 378696K [0x0000000080000000, 0x0000000097200000, 0x00000000d5580000)
  object space 378880K, 99% used [0x0000000080000000,0x00000000971d2200,0x0000000097200000)
 Metaspace       used 85149K, committed 86464K, reserved 1179648K
  class space    used 8456K, committed 9088K, reserved 1048576K
}

Dll operation events (12 events):
Event: 0.030 Loaded shared library c:\Users\XRest\.vscode\extensions\redhat.java-1.44.0-win32-x64\jre\21.0.8-win32-x86_64\bin\java.dll
Event: 0.527 Loaded shared library c:\Users\XRest\.vscode\extensions\redhat.java-1.44.0-win32-x64\jre\21.0.8-win32-x86_64\bin\zip.dll
Event: 0.782 Loaded shared library C:\Users\XRest\.vscode\extensions\redhat.java-1.44.0-win32-x64\jre\21.0.8-win32-x86_64\bin\instrument.dll
Event: 0.866 Loaded shared library C:\Users\XRest\.vscode\extensions\redhat.java-1.44.0-win32-x64\jre\21.0.8-win32-x86_64\bin\net.dll
Event: 0.912 Loaded shared library C:\Users\XRest\.vscode\extensions\redhat.java-1.44.0-win32-x64\jre\21.0.8-win32-x86_64\bin\nio.dll
Event: 0.931 Loaded shared library C:\Users\XRest\.vscode\extensions\redhat.java-1.44.0-win32-x64\jre\21.0.8-win32-x86_64\bin\zip.dll
Event: 1.102 Loaded shared library C:\Users\XRest\.vscode\extensions\redhat.java-1.44.0-win32-x64\jre\21.0.8-win32-x86_64\bin\jimage.dll
Event: 1.817 Loaded shared library c:\Users\XRest\.vscode\extensions\redhat.java-1.44.0-win32-x64\jre\21.0.8-win32-x86_64\bin\verify.dll
Event: 30.433 Loaded shared library C:\Users\XRest\AppData\Roaming\Code\User\globalStorage\redhat.java\1.44.0\config_win\org.eclipse.equinox.launcher\org.eclipse.equinox.launcher.win32.win32.x86_64_1.2.1400.v20250730-1736\eclipse_11913.dll
Event: 64.298 Loaded shared library C:\Users\XRest\AppData\Local\Temp\jna-83813452\jna971197368192183920.dll
Event: 96.520 Loaded shared library C:\Users\XRest\.vscode\extensions\redhat.java-1.44.0-win32-x64\jre\21.0.8-win32-x86_64\bin\sunmscapi.dll
Event: 3775.206 Loaded shared library C:\Users\XRest\.vscode\extensions\redhat.java-1.44.0-win32-x64\jre\21.0.8-win32-x86_64\bin\extnet.dll

Deoptimization events (20 events):
Event: 5255.771 Thread 0x000002e39f76b560 Uncommon trap: trap_request=0xffffffc6 fr.pc=0x000002e34cb88024 relative=0x0000000000000fe4
Event: 5255.771 Thread 0x000002e39f76b560 Uncommon trap: reason=bimorphic_or_optimized_type_check action=maybe_recompile pc=0x000002e34cb88024 method=java.util.concurrent.ConcurrentHashMap$TreeBin.putTreeVal(ILjava/lang/Object;Ljava/lang/Object;)Ljava/util/concurrent/ConcurrentHashMap$TreeNode; @
Event: 5255.771 Thread 0x000002e39f76b560 DEOPT PACKING pc=0x000002e34cb88024 sp=0x000000f5389fe480
Event: 5255.771 Thread 0x000002e39f76b560 DEOPT UNPACKING pc=0x000002e34bcb3aa2 sp=0x000000f5389fe408 mode 2
Event: 5285.443 Thread 0x000002e39e393410 Uncommon trap: trap_request=0xffffff45 fr.pc=0x000002e34d395528 relative=0x0000000000000628
Event: 5285.444 Thread 0x000002e39e393410 Uncommon trap: reason=unstable_if action=reinterpret pc=0x000002e34d395528 method=org.eclipse.jdt.internal.core.util.Util.quickSort([III)V @ 73 c2
Event: 5285.444 Thread 0x000002e39e393410 DEOPT PACKING pc=0x000002e34d395528 sp=0x000000f53a8febf0
Event: 5285.444 Thread 0x000002e39e393410 DEOPT UNPACKING pc=0x000002e34bcb3aa2 sp=0x000000f53a8feaa0 mode 2
Event: 5285.598 Thread 0x000002e3a2320c60 Uncommon trap: trap_request=0xffffff45 fr.pc=0x000002e34d74e614 relative=0x0000000000001574
Event: 5285.598 Thread 0x000002e3a2320c60 Uncommon trap: reason=unstable_if action=reinterpret pc=0x000002e34d74e614 method=org.eclipse.core.internal.resources.MarkerSet.add(Lorg/eclipse/core/internal/resources/IMarkerSetElement;)V @ 33 c2
Event: 5285.599 Thread 0x000002e3a2320c60 DEOPT PACKING pc=0x000002e34d74e614 sp=0x000000f53acfe090
Event: 5285.599 Thread 0x000002e3a2320c60 DEOPT UNPACKING pc=0x000002e34bcb3aa2 sp=0x000000f53acfdf18 mode 2
Event: 5285.599 Thread 0x000002e3a2320c60 Uncommon trap: trap_request=0xffffff45 fr.pc=0x000002e34c4eebcc relative=0x00000000000001ec
Event: 5285.599 Thread 0x000002e3a2320c60 Uncommon trap: reason=unstable_if action=reinterpret pc=0x000002e34c4eebcc method=org.eclipse.core.internal.resources.MarkerSet.add(Lorg/eclipse/core/internal/resources/IMarkerSetElement;)V @ 33 c2
Event: 5285.599 Thread 0x000002e3a2320c60 DEOPT PACKING pc=0x000002e34c4eebcc sp=0x000000f53acfdf40
Event: 5285.599 Thread 0x000002e3a2320c60 DEOPT UNPACKING pc=0x000002e34bcb3aa2 sp=0x000000f53acfded0 mode 2
Event: 46563.697 Thread 0x000002e3a2320c60 Uncommon trap: trap_request=0xffffff45 fr.pc=0x000002e34d1b5db8 relative=0x00000000000011d8
Event: 46563.699 Thread 0x000002e3a2320c60 Uncommon trap: reason=unstable_if action=reinterpret pc=0x000002e34d1b5db8 method=org.eclipse.core.internal.jobs.DeadlockDetector.reduceGraph(ILorg/eclipse/core/runtime/jobs/ISchedulingRule;)V @ 220 c2
Event: 46563.700 Thread 0x000002e3a2320c60 DEOPT PACKING pc=0x000002e34d1b5db8 sp=0x000000f53acff050
Event: 46563.701 Thread 0x000002e3a2320c60 DEOPT UNPACKING pc=0x000002e34bcb3aa2 sp=0x000000f53acfefe8 mode 2

Classes loaded (20 events):
Event: 3776.394 Loading class sun/net/www/http/KeepAliveStreamCleaner$2
Event: 3776.394 Loading class sun/net/www/http/KeepAliveStreamCleaner$2 done
Event: 3776.395 Loading class sun/net/www/protocol/http/HttpURLConnection$HttpInputStream
Event: 3776.395 Loading class sun/net/www/protocol/http/HttpURLConnection$HttpInputStream done
Event: 3776.400 Loading class sun/net/www/http/KeepAliveCache$1
Event: 3776.400 Loading class sun/net/www/http/KeepAliveCache$1 done
Event: 3776.401 Loading class sun/net/www/http/KeepAliveCache$ClientVector
Event: 3776.401 Loading class sun/net/www/http/KeepAliveCache$ClientVector done
Event: 3776.413 Loading class sun/net/www/http/KeepAliveEntry
Event: 3776.413 Loading class sun/net/www/http/KeepAliveEntry done
Event: 3786.421 Loading class sun/security/ssl/Alert
Event: 3786.421 Loading class sun/security/ssl/Alert done
Event: 3786.422 Loading class sun/security/ssl/Alert$AlertConsumer
Event: 3786.427 Loading class sun/security/ssl/Alert$AlertConsumer done
Event: 3786.428 Loading class sun/security/ssl/Alert$Level
Event: 3786.428 Loading class sun/security/ssl/Alert$Level done
Event: 4849.827 Loading class java/util/stream/ReferencePipeline$15
Event: 4849.828 Loading class java/util/stream/ReferencePipeline$15 done
Event: 4849.830 Loading class java/util/stream/ReferencePipeline$15$1
Event: 4849.831 Loading class java/util/stream/ReferencePipeline$15$1 done

Classes unloaded (20 events):
Event: 4788.877 Thread 0x000002e357efe7f0 Unloading class 0x000002e35984a000 'java/lang/invoke/LambdaForm$MH+0x000002e35984a000'
Event: 4788.877 Thread 0x000002e357efe7f0 Unloading class 0x000002e35949cc00 'java/lang/invoke/LambdaForm$MH+0x000002e35949cc00'
Event: 4788.877 Thread 0x000002e357efe7f0 Unloading class 0x000002e359218400 'java/lang/invoke/LambdaForm$BMH+0x000002e359218400'
Event: 4788.877 Thread 0x000002e357efe7f0 Unloading class 0x000002e359202400 'java/lang/invoke/LambdaForm$MH+0x000002e359202400'
Event: 4788.877 Thread 0x000002e357efe7f0 Unloading class 0x000002e359201400 'java/lang/invoke/LambdaForm$MH+0x000002e359201400'
Event: 4788.877 Thread 0x000002e357efe7f0 Unloading class 0x000002e359201000 'java/lang/invoke/LambdaForm$MH+0x000002e359201000'
Event: 4788.877 Thread 0x000002e357efe7f0 Unloading class 0x000002e359200800 'java/lang/invoke/LambdaForm$MH+0x000002e359200800'
Event: 4788.877 Thread 0x000002e357efe7f0 Unloading class 0x000002e359200000 'java/lang/invoke/LambdaForm$MH+0x000002e359200000'
Event: 4788.877 Thread 0x000002e357efe7f0 Unloading class 0x000002e359178000 'java/lang/invoke/LambdaForm$MH+0x000002e359178000'
Event: 4788.877 Thread 0x000002e357efe7f0 Unloading class 0x000002e359172800 'java/lang/invoke/LambdaForm$MH+0x000002e359172800'
Event: 4788.877 Thread 0x000002e357efe7f0 Unloading class 0x000002e359172000 'java/lang/invoke/LambdaForm$MH+0x000002e359172000'
Event: 4788.877 Thread 0x000002e357efe7f0 Unloading class 0x000002e359171c00 'java/lang/invoke/LambdaForm$MH+0x000002e359171c00'
Event: 4788.877 Thread 0x000002e357efe7f0 Unloading class 0x000002e359082400 'java/lang/invoke/LambdaForm$MH+0x000002e359082400'
Event: 4788.878 Thread 0x000002e357efe7f0 Unloading class 0x000002e359081c00 'java/lang/invoke/LambdaForm$MH+0x000002e359081c00'
Event: 4788.878 Thread 0x000002e357efe7f0 Unloading class 0x000002e359081800 'java/lang/invoke/LambdaForm$MH+0x000002e359081800'
Event: 4788.878 Thread 0x000002e357efe7f0 Unloading class 0x000002e359081400 'java/lang/invoke/LambdaForm$MH+0x000002e359081400'
Event: 4788.878 Thread 0x000002e357efe7f0 Unloading class 0x000002e359081000 'java/lang/invoke/LambdaForm$MH+0x000002e359081000'
Event: 4788.878 Thread 0x000002e357efe7f0 Unloading class 0x000002e359080800 'java/lang/invoke/LambdaForm$MH+0x000002e359080800'
Event: 4788.878 Thread 0x000002e357efe7f0 Unloading class 0x000002e359080400 'java/lang/invoke/LambdaForm$MH+0x000002e359080400'
Event: 4788.878 Thread 0x000002e357efe7f0 Unloading class 0x000002e359080000 'java/lang/invoke/LambdaForm$MH+0x000002e359080000'

Classes redefined (0 events):
No events

Internal exceptions (20 events):
Event: 5103.676 Thread 0x000002e39e393410 Exception <a 'sun/nio/fs/WindowsException'{0x00000000d55e3138}> (0x00000000d55e3138) 
thrown [s\src\hotspot\share\prims\jni.cpp, line 520]
Event: 5110.332 Thread 0x000002e39e393410 Exception <a 'sun/nio/fs/WindowsException'{0x00000000d5725d30}> (0x00000000d5725d30) 
thrown [s\src\hotspot\share\prims\jni.cpp, line 520]
Event: 5111.363 Thread 0x000002e39e393410 Exception <a 'sun/nio/fs/WindowsException'{0x00000000d565b410}> (0x00000000d565b410) 
thrown [s\src\hotspot\share\prims\jni.cpp, line 520]
Event: 5185.742 Thread 0x000002e39ffd9e20 Exception <a 'java/lang/ArrayIndexOutOfBoundsException'{0x00000000d5778e90}> (0x00000000d5778e90) 
thrown [s\src\hotspot\share\runtime\sharedRuntime.cpp, line 625]
Event: 5188.131 Thread 0x000002e39e393410 Exception <a 'sun/nio/fs/WindowsException'{0x00000000d5819190}> (0x00000000d5819190) 
thrown [s\src\hotspot\share\prims\jni.cpp, line 520]
Event: 5188.291 Thread 0x000002e39e393410 Exception <a 'sun/nio/fs/WindowsException'{0x00000000d565acf8}> (0x00000000d565acf8) 
thrown [s\src\hotspot\share\prims\jni.cpp, line 520]
Event: 5193.230 Thread 0x000002e39e393410 Exception <a 'sun/nio/fs/WindowsException'{0x00000000d59b3d90}> (0x00000000d59b3d90) 
thrown [s\src\hotspot\share\prims\jni.cpp, line 520]
Event: 5193.388 Thread 0x000002e39e393410 Exception <a 'sun/nio/fs/WindowsException'{0x00000000d58807b0}> (0x00000000d58807b0) 
thrown [s\src\hotspot\share\prims\jni.cpp, line 520]
Event: 5221.669 Thread 0x000002e39f76b560 Implicit null exception at 0x000002e34c6ed814 to 0x000002e34c6ee8d4
Event: 5226.345 Thread 0x000002e39f76b560 Implicit null exception at 0x000002e34cea48a1 to 0x000002e34cea4b80
Event: 5227.292 Thread 0x000002e39e393410 Exception <a 'sun/nio/fs/WindowsException'{0x00000000d5723f08}> (0x00000000d5723f08) 
thrown [s\src\hotspot\share\prims\jni.cpp, line 520]
Event: 5227.516 Thread 0x000002e39e393410 Exception <a 'sun/nio/fs/WindowsException'{0x00000000d57d7318}> (0x00000000d57d7318) 
thrown [s\src\hotspot\share\prims\jni.cpp, line 520]
Event: 5286.313 Thread 0x000002e39e393410 Exception <a 'sun/nio/fs/WindowsException'{0x00000000d56ceb20}> (0x00000000d56ceb20) 
thrown [s\src\hotspot\share\prims\jni.cpp, line 520]
Event: 5286.831 Thread 0x000002e39e393410 Exception <a 'sun/nio/fs/WindowsException'{0x00000000d57390a8}> (0x00000000d57390a8) 
thrown [s\src\hotspot\share\prims\jni.cpp, line 520]
Event: 5292.836 Thread 0x000002e39e393410 Exception <a 'sun/nio/fs/WindowsException'{0x00000000d5743cb8}> (0x00000000d5743cb8) 
thrown [s\src\hotspot\share\prims\jni.cpp, line 520]
Event: 5293.027 Thread 0x000002e39e393410 Exception <a 'sun/nio/fs/WindowsException'{0x00000000d565bee8}> (0x00000000d565bee8) 
thrown [s\src\hotspot\share\prims\jni.cpp, line 520]
Event: 5334.091 Thread 0x000002e39e393410 Exception <a 'sun/nio/fs/WindowsException'{0x00000000d561b6c8}> (0x00000000d561b6c8) 
thrown [s\src\hotspot\share\prims\jni.cpp, line 520]
Event: 5334.267 Thread 0x000002e39e393410 Exception <a 'sun/nio/fs/WindowsException'{0x00000000d55a6fa0}> (0x00000000d55a6fa0) 
thrown [s\src\hotspot\share\prims\jni.cpp, line 520]
Event: 5335.808 Thread 0x000002e39e393410 Exception <a 'sun/nio/fs/WindowsException'{0x00000000d55c7258}> (0x00000000d55c7258) 
thrown [s\src\hotspot\share\prims\jni.cpp, line 520]
Event: 5336.257 Thread 0x000002e39e393410 Exception <a 'sun/nio/fs/WindowsException'{0x00000000d56e9718}> (0x00000000d56e9718) 
thrown [s\src\hotspot\share\prims\jni.cpp, line 520]

ZGC Phase Switch (0 events):
No events

VM Operations (20 events):
Event: 5391.908 Executing VM operation: ParallelGCFailedAllocation (Allocation Failure)
Event: 5391.911 Executing VM operation: ParallelGCFailedAllocation (Allocation Failure) done
Event: 5391.922 Executing VM operation: ParallelGCFailedAllocation (Allocation Failure)
Event: 5391.924 Executing VM operation: ParallelGCFailedAllocation (Allocation Failure) done
Event: 5395.960 Executing VM operation: Cleanup
Event: 5395.961 Executing VM operation: Cleanup done
Event: 5412.929 Executing VM operation: HandshakeAllThreads (HandshakeForDeflation)
Event: 5412.930 Executing VM operation: HandshakeAllThreads (HandshakeForDeflation) done
Event: 5412.930 Executing VM operation: RendezvousGCThreads
Event: 5412.930 Executing VM operation: RendezvousGCThreads done
Event: 46561.328 Executing VM operation: Cleanup
Event: 46561.352 Executing VM operation: Cleanup done
Event: 46563.117 Executing VM operation: ParallelGCFailedAllocation (Allocation Failure)
Event: 46563.298 Executing VM operation: ParallelGCFailedAllocation (Allocation Failure) done
Event: 46564.301 Executing VM operation: Cleanup
Event: 46564.301 Executing VM operation: Cleanup done
Event: 46620.591 Executing VM operation: HandshakeAllThreads (HandshakeForDeflation)
Event: 46620.592 Executing VM operation: HandshakeAllThreads (HandshakeForDeflation) done
Event: 46620.592 Executing VM operation: RendezvousGCThreads
Event: 46620.592 Executing VM operation: RendezvousGCThreads done

Memory protections (0 events):
No events

Nmethod flushes (20 events):
Event: 5225.726 Thread 0x000002e357efe7f0 flushing  nmethod 0x000002e347374f90
Event: 5225.726 Thread 0x000002e357efe7f0 flushing  nmethod 0x000002e347376290
Event: 5225.726 Thread 0x000002e357efe7f0 flushing  nmethod 0x000002e34738be90
Event: 5225.726 Thread 0x000002e357efe7f0 flushing  nmethod 0x000002e347395b10
Event: 5225.726 Thread 0x000002e357efe7f0 flushing  nmethod 0x000002e3473a9210
Event: 5225.726 Thread 0x000002e357efe7f0 flushing  nmethod 0x000002e3473a9690
Event: 5225.726 Thread 0x000002e357efe7f0 flushing  nmethod 0x000002e3473dbf10
Event: 5225.726 Thread 0x000002e357efe7f0 flushing  nmethod 0x000002e3473e6d10
Event: 5225.726 Thread 0x000002e357efe7f0 flushing  nmethod 0x000002e347419f90
Event: 5225.726 Thread 0x000002e357efe7f0 flushing  nmethod 0x000002e34741e990
Event: 5225.726 Thread 0x000002e357efe7f0 flushing  nmethod 0x000002e347425e10
Event: 5225.726 Thread 0x000002e357efe7f0 flushing  nmethod 0x000002e34744ab90
Event: 5225.726 Thread 0x000002e357efe7f0 flushing  nmethod 0x000002e34744bc90
Event: 5225.726 Thread 0x000002e357efe7f0 flushing  nmethod 0x000002e347454910
Event: 5225.726 Thread 0x000002e357efe7f0 flushing  nmethod 0x000002e347457690
Event: 5225.726 Thread 0x000002e357efe7f0 flushing  nmethod 0x000002e347457c10
Event: 5225.726 Thread 0x000002e357efe7f0 flushing  nmethod 0x000002e34745fe10
Event: 5225.726 Thread 0x000002e357efe7f0 flushing  nmethod 0x000002e34747b890
Event: 5225.726 Thread 0x000002e357efe7f0 flushing  nmethod 0x000002e347480c10
Event: 5225.726 Thread 0x000002e357efe7f0 flushing  nmethod 0x000002e347492410

Events (20 events):
Event: 5137.259 Thread 0x000002e39e392d80 Thread exited: 0x000002e39e392d80
Event: 5137.266 Thread 0x000002e3a231f8b0 Thread added: 0x000002e39e392d80
Event: 5137.267 Thread 0x000002e39e392d80 Thread exited: 0x000002e39e392d80
Event: 5156.498 Thread 0x000002e39e394e50 Thread exited: 0x000002e39e394e50
Event: 5170.474 Thread 0x000002e3a231c430 Thread exited: 0x000002e3a231c430
Event: 5185.732 Thread 0x000002e3a231de70 Thread exited: 0x000002e3a231de70
Event: 5188.208 Thread 0x000002e3a2320c60 Thread added: 0x000002e39e394e50
Event: 5398.999 Thread 0x000002e39e394e50 Thread exited: 0x000002e39e394e50
Event: 5399.598 Thread 0x000002e3a231f8b0 Thread exited: 0x000002e3a231f8b0
Event: 5455.941 Thread 0x000002e39f76b560 Thread exited: 0x000002e39f76b560
Event: 46562.022 Thread 0x000002e3a2320c60 Thread added: 0x000002e39e392d80
Event: 46562.584 Thread 0x000002e39e392d80 Thread exited: 0x000002e39e392d80
Event: 46562.641 Thread 0x000002e3a2320c60 Thread added: 0x000002e39e393aa0
Event: 46563.032 Thread 0x000002e39e393aa0 Thread exited: 0x000002e39e393aa0
Event: 46563.696 Thread 0x000002e3a2320c60 Thread added: 0x000002e39e393aa0
Event: 46588.781 Thread 0x000002e3a231d7e0 Thread exited: 0x000002e3a231d7e0
Event: 46623.928 Thread 0x000002e3a2320c60 Thread exited: 0x000002e3a2320c60
Event: 46648.896 Thread 0x000002e3a231d150 Thread exited: 0x000002e3a231d150
Event: 46711.241 Thread 0x000002e3a2323a50 Thread exited: 0x000002e3a2323a50
Event: 46711.692 Thread 0x000002e3a231e500 Thread exited: 0x000002e3a231e500


Dynamic libraries:
0x00007ff65b020000 - 0x00007ff65b02e000 	c:\Users\XRest\.vscode\extensions\redhat.java-1.44.0-win32-x64\jre\21.0.8-win32-x86_64\bin\java.exe
0x00007ffd94ad0000 - 0x00007ffd94cc8000 	C:\WINDOWS\SYSTEM32\ntdll.dll
0x00007ffd93240000 - 0x00007ffd93302000 	C:\WINDOWS\System32\KERNEL32.DLL
0x00007ffd92170000 - 0x00007ffd92466000 	C:\WINDOWS\System32\KERNELBASE.dll
0x00007ffd92540000 - 0x00007ffd92640000 	C:\WINDOWS\System32\ucrtbase.dll
0x00007ffd879b0000 - 0x00007ffd879c8000 	c:\Users\XRest\.vscode\extensions\redhat.java-1.44.0-win32-x64\jre\21.0.8-win32-x86_64\bin\jli.dll
0x00007ffd946b0000 - 0x00007ffd9484d000 	C:\WINDOWS\System32\USER32.dll
0x00007ffd929c0000 - 0x00007ffd929e2000 	C:\WINDOWS\System32\win32u.dll
0x00007ffd93640000 - 0x00007ffd9366b000 	C:\WINDOWS\System32\GDI32.dll
0x00007ffd92850000 - 0x00007ffd92969000 	C:\WINDOWS\System32\gdi32full.dll
0x00007ffd924a0000 - 0x00007ffd9253d000 	C:\WINDOWS\System32\msvcp_win.dll
0x00007ffd87990000 - 0x00007ffd879ae000 	c:\Users\XRest\.vscode\extensions\redhat.java-1.44.0-win32-x64\jre\21.0.8-win32-x86_64\bin\VCRUNTIME140.dll
0x00007ffd7e990000 - 0x00007ffd7ec2b000 	C:\WINDOWS\WinSxS\amd64_microsoft.windows.common-controls_6595b64144ccf1df_6.0.19041.6280_none_60bc30a171f2f3f3\COMCTL32.dll
0x00007ffd949f0000 - 0x00007ffd94a8e000 	C:\WINDOWS\System32\msvcrt.dll
0x00007ffd94900000 - 0x00007ffd9492f000 	C:\WINDOWS\System32\IMM32.DLL
0x00007ffd8ee00000 - 0x00007ffd8ee0c000 	c:\Users\XRest\.vscode\extensions\redhat.java-1.44.0-win32-x64\jre\21.0.8-win32-x86_64\bin\vcruntime140_1.dll
0x00007ffd6d6d0000 - 0x00007ffd6d75d000 	c:\Users\XRest\.vscode\extensions\redhat.java-1.44.0-win32-x64\jre\21.0.8-win32-x86_64\bin\msvcp140.dll
0x00007ffd14dc0000 - 0x00007ffd15b57000 	c:\Users\XRest\.vscode\extensions\redhat.java-1.44.0-win32-x64\jre\21.0.8-win32-x86_64\bin\server\jvm.dll
0x00007ffd93580000 - 0x00007ffd93631000 	C:\WINDOWS\System32\ADVAPI32.dll
0x00007ffd93a40000 - 0x00007ffd93adf000 	C:\WINDOWS\System32\sechost.dll
0x00007ffd93120000 - 0x00007ffd93240000 	C:\WINDOWS\System32\RPCRT4.dll
0x00007ffd92470000 - 0x00007ffd92497000 	C:\WINDOWS\System32\bcrypt.dll
0x00007ffd942c0000 - 0x00007ffd9432b000 	C:\WINDOWS\System32\WS2_32.dll
0x00007ffd91670000 - 0x00007ffd916bb000 	C:\WINDOWS\SYSTEM32\POWRPROF.dll
0x00007ffd7f440000 - 0x00007ffd7f467000 	C:\WINDOWS\SYSTEM32\WINMM.dll
0x00007ffd87e80000 - 0x00007ffd87e8a000 	C:\WINDOWS\SYSTEM32\VERSION.dll
0x00007ffd91530000 - 0x00007ffd91542000 	C:\WINDOWS\SYSTEM32\UMPDC.dll
0x00007ffd90950000 - 0x00007ffd90962000 	C:\WINDOWS\SYSTEM32\kernel.appcore.dll
0x00007ffd898f0000 - 0x00007ffd898fa000 	c:\Users\XRest\.vscode\extensions\redhat.java-1.44.0-win32-x64\jre\21.0.8-win32-x86_64\bin\jimage.dll
0x00007ffd90640000 - 0x00007ffd90841000 	C:\WINDOWS\SYSTEM32\DBGHELP.DLL
0x00007ffd87950000 - 0x00007ffd87984000 	C:\WINDOWS\SYSTEM32\dbgcore.DLL
0x00007ffd929f0000 - 0x00007ffd92a72000 	C:\WINDOWS\System32\bcryptPrimitives.dll
0x00007ffd89880000 - 0x00007ffd8988f000 	c:\Users\XRest\.vscode\extensions\redhat.java-1.44.0-win32-x64\jre\21.0.8-win32-x86_64\bin\instrument.dll
0x00007ffd85750000 - 0x00007ffd8576f000 	c:\Users\XRest\.vscode\extensions\redhat.java-1.44.0-win32-x64\jre\21.0.8-win32-x86_64\bin\java.dll
0x00007ffd93b50000 - 0x00007ffd942c0000 	C:\WINDOWS\System32\SHELL32.dll
0x00007ffd8fdc0000 - 0x00007ffd90565000 	C:\WINDOWS\SYSTEM32\windows.storage.dll
0x00007ffd936d0000 - 0x00007ffd93a23000 	C:\WINDOWS\System32\combase.dll
0x00007ffd91ac0000 - 0x00007ffd91aeb000 	C:\WINDOWS\SYSTEM32\Wldp.dll
0x00007ffd943b0000 - 0x00007ffd9447d000 	C:\WINDOWS\System32\OLEAUT32.dll
0x00007ffd94850000 - 0x00007ffd948fd000 	C:\WINDOWS\System32\SHCORE.dll
0x00007ffd93670000 - 0x00007ffd936cb000 	C:\WINDOWS\System32\shlwapi.dll
0x00007ffd920a0000 - 0x00007ffd920c4000 	C:\WINDOWS\SYSTEM32\profapi.dll
0x00007ffd84540000 - 0x00007ffd84558000 	c:\Users\XRest\.vscode\extensions\redhat.java-1.44.0-win32-x64\jre\21.0.8-win32-x86_64\bin\zip.dll
0x00007ffd897f0000 - 0x00007ffd89800000 	C:\Users\XRest\.vscode\extensions\redhat.java-1.44.0-win32-x64\jre\21.0.8-win32-x86_64\bin\net.dll
0x00007ffd86ab0000 - 0x00007ffd86bba000 	C:\WINDOWS\SYSTEM32\WINHTTP.dll
0x00007ffd918a0000 - 0x00007ffd9190a000 	C:\WINDOWS\system32\mswsock.dll
0x00007ffd843c0000 - 0x00007ffd843d6000 	C:\Users\XRest\.vscode\extensions\redhat.java-1.44.0-win32-x64\jre\21.0.8-win32-x86_64\bin\nio.dll
0x00007ffd87d30000 - 0x00007ffd87d40000 	c:\Users\XRest\.vscode\extensions\redhat.java-1.44.0-win32-x64\jre\21.0.8-win32-x86_64\bin\verify.dll
0x00007ffd6cff0000 - 0x00007ffd6d035000 	C:\Users\XRest\AppData\Roaming\Code\User\globalStorage\redhat.java\1.44.0\config_win\org.eclipse.equinox.launcher\org.eclipse.equinox.launcher.win32.win32.x86_64_1.2.1400.v20250730-1736\eclipse_11913.dll
0x00007ffd93450000 - 0x00007ffd9357b000 	C:\WINDOWS\System32\ole32.dll
0x00007ffd91b00000 - 0x00007ffd91b18000 	C:\WINDOWS\SYSTEM32\CRYPTSP.dll
0x00007ffd91170000 - 0x00007ffd911a8000 	C:\WINDOWS\system32\rsaenh.dll
0x00007ffd92020000 - 0x00007ffd9204e000 	C:\WINDOWS\SYSTEM32\USERENV.dll
0x00007ffd91a30000 - 0x00007ffd91a3c000 	C:\WINDOWS\SYSTEM32\CRYPTBASE.dll
0x00007ffd91550000 - 0x00007ffd9158b000 	C:\WINDOWS\SYSTEM32\IPHLPAPI.DLL
0x00007ffd94480000 - 0x00007ffd94488000 	C:\WINDOWS\System32\NSI.dll
0x00007ffd6c8b0000 - 0x00007ffd6c8f9000 	C:\Users\XRest\AppData\Local\Temp\jna-83813452\jna971197368192183920.dll
0x00007ffd93b40000 - 0x00007ffd93b48000 	C:\WINDOWS\System32\PSAPI.DLL
0x00007ffd88090000 - 0x00007ffd880a7000 	C:\WINDOWS\SYSTEM32\dhcpcsvc6.DLL
0x00007ffd87e90000 - 0x00007ffd87ead000 	C:\WINDOWS\SYSTEM32\dhcpcsvc.DLL
0x00007ffd84a10000 - 0x00007ffd84a1e000 	C:\Users\XRest\.vscode\extensions\redhat.java-1.44.0-win32-x64\jre\21.0.8-win32-x86_64\bin\sunmscapi.dll
0x00007ffd92640000 - 0x00007ffd9279d000 	C:\WINDOWS\System32\CRYPT32.dll
0x00007ffd91c10000 - 0x00007ffd91c37000 	C:\WINDOWS\SYSTEM32\ncrypt.dll
0x00007ffd91bd0000 - 0x00007ffd91c0b000 	C:\WINDOWS\SYSTEM32\NTASN1.dll
0x00007ffd915a0000 - 0x00007ffd9166a000 	C:\WINDOWS\SYSTEM32\DNSAPI.dll
0x00007ffd897d0000 - 0x00007ffd897da000 	C:\Windows\System32\rasadhlp.dll
0x00007ffd82cb0000 - 0x00007ffd82d30000 	C:\WINDOWS\System32\fwpuclnt.dll
0x00007ffd8bbd0000 - 0x00007ffd8bbd9000 	C:\Users\XRest\.vscode\extensions\redhat.java-1.44.0-win32-x64\jre\21.0.8-win32-x86_64\bin\extnet.dll

JVMTI agents:
c:\Users\XRest\.vscode\extensions\redhat.java-1.44.0-win32-x64\lombok\lombok-1.18.39-4050.jar path:c:\Users\XRest\.vscode\extensions\redhat.java-1.44.0-win32-x64\jre\21.0.8-win32-x86_64\bin\instrument.dll, loaded, initialized, instrumentlib options:none

dbghelp: loaded successfully - version: 4.0.5 - missing functions: none
symbol engine: initialized successfully - sym options: 0x614 - pdb path: .;c:\Users\XRest\.vscode\extensions\redhat.java-1.44.0-win32-x64\jre\21.0.8-win32-x86_64\bin;C:\WINDOWS\SYSTEM32;C:\WINDOWS\WinSxS\amd64_microsoft.windows.common-controls_6595b64144ccf1df_6.0.19041.6280_none_60bc30a171f2f3f3;c:\Users\XRest\.vscode\extensions\redhat.java-1.44.0-win32-x64\jre\21.0.8-win32-x86_64\bin\server;C:\Users\XRest\AppData\Roaming\Code\User\globalStorage\redhat.java\1.44.0\config_win\org.eclipse.equinox.launcher\org.eclipse.equinox.launcher.win32.win32.x86_64_1.2.1400.v20250730-1736;C:\Users\XRest\AppData\Local\Temp\jna-83813452

VM Arguments:
jvm_args: --add-modules=ALL-SYSTEM --add-opens=java.base/java.util=ALL-UNNAMED --add-opens=java.base/java.lang=ALL-UNNAMED --add-opens=java.base/sun.nio.fs=ALL-UNNAMED -Declipse.application=org.eclipse.jdt.ls.core.id1 -Dosgi.bundles.defaultStartLevel=4 -Declipse.product=org.eclipse.jdt.ls.core.product -Djava.import.generatesMetadataFilesAtProjectRoot=false -DDetectVMInstallationsJob.disabled=true -Dfile.encoding=utf8 -XX:+UseParallelGC -XX:GCTimeRatio=4 -XX:AdaptiveSizePolicyWeight=90 -Dsun.zip.disableMemoryMapping=true -Xmx2G -Xms100m -Xlog:disable -javaagent:c:\Users\XRest\.vscode\extensions\redhat.java-1.44.0-win32-x64\lombok\lombok-1.18.39-4050.jar -XX:+HeapDumpOnOutOfMemoryError -XX:HeapDumpPath=c:\Users\XRest\AppData\Roaming\Code\User\workspaceStorage\c3b24f97112ac990cb9a2bfdae47ff71\redhat.java -Daether.dependencyCollector.impl=bf 
java_command: c:\Users\XRest\.vscode\extensions\redhat.java-1.44.0-win32-x64\server\plugins\org.eclipse.equinox.launcher_1.7.0.v20250519-0528.jar -configuration c:\Users\XRest\AppData\Roaming\Code\User\globalStorage\redhat.java\1.44.0\config_win -data c:\Users\XRest\AppData\Roaming\Code\User\workspaceStorage\c3b24f97112ac990cb9a2bfdae47ff71\redhat.java\jdt_ws --pipe=\\.\pipe\lsp-665ce2a6366514a4a8f9ba3dccec4600-sock
java_class_path (initial): c:\Users\XRest\.vscode\extensions\redhat.java-1.44.0-win32-x64\server\plugins\org.eclipse.equinox.launcher_1.7.0.v20250519-0528.jar
Launcher Type: SUN_STANDARD

[Global flags]
    uintx AdaptiveSizePolicyWeight                 = 90                                        {product} {command line}
     intx CICompilerCount                          = 3                                         {product} {ergonomic}
    uintx GCTimeRatio                              = 4                                         {product} {command line}
     bool HeapDumpOnOutOfMemoryError               = true                                   {manageable} {command line}
    ccstr HeapDumpPath                             = c:\Users\XRest\AppData\Roaming\Code\User\workspaceStorage\c3b24f97112ac990cb9a2bfdae47ff71\redhat.java         {manageable} {command line}
   size_t InitialHeapSize                          = 104857600                                 {product} {command line}
   size_t MaxHeapSize                              = 2147483648                                {product} {command line}
   size_t MaxNewSize                               = 715653120                                 {product} {ergonomic}
   size_t MinHeapDeltaBytes                        = 524288                                    {product} {ergonomic}
   size_t MinHeapSize                              = 104857600                                 {product} {command line}
   size_t NewSize                                  = 34603008                                  {product} {ergonomic}
    uintx NonNMethodCodeHeapSize                   = 5832780                                {pd product} {ergonomic}
    uintx NonProfiledCodeHeapSize                  = 122912730                              {pd product} {ergonomic}
   size_t OldSize                                  = 70254592                                  {product} {ergonomic}
    uintx ProfiledCodeHeapSize                     = 122912730                              {pd product} {ergonomic}
    uintx ReservedCodeCacheSize                    = 251658240                              {pd product} {ergonomic}
     bool SegmentedCodeCache                       = true                                      {product} {ergonomic}
   size_t SoftMaxHeapSize                          = 2147483648                             {manageable} {ergonomic}
     bool UseCompressedOops                        = true                           {product lp64_product} {ergonomic}
     bool UseLargePagesIndividualAllocation        = false                                  {pd product} {ergonomic}
     bool UseParallelGC                            = true                                      {product} {command line}

Logging:
Log output configuration:
 #0: stdout all=off uptime,level,tags foldmultilines=false
 #1: stderr all=off uptime,level,tags foldmultilines=false

Environment Variables:
JAVA_HOME=C:\Users\XRest\Downloads\jdk-23_windows-x64_bin\jdk-23.0.1
PATH=C:\Users\XRest\bin;C:\Program Files\Git\mingw64\bin;C:\Program Files\Git\usr\local\bin;C:\Program Files\Git\usr\bin;C:\Program Files\Git\usr\bin;C:\Program Files\Git\mingw64\bin;C:\Program Files\Git\usr\bin;C:\Users\XRest\bin;C:\Program Files (x86)\VMware\VMware Workstation\bin;C:\Program Files (x86)\Common Files\Oracle\Java\javapath;C:\WINDOWS\system32;C:\WINDOWS;C:\WINDOWS\System32\Wbem;C:\WINDOWS\System32\WindowsPowerShell\v1.0;C:\WINDOWS\System32\OpenSSH;C:\Program Files\dotnet;C:\Program Files (x86)\NVIDIA Corporation\PhysX\Common;C:\Program Files\NVIDIA Corporation\NVIDIA NvDLISR;C:\Program Files (x86)\PuTTY;C:\Program Files\Java\jdk1.8.0_333\bin;C:\Users\XRest\AppData\Local\Programs\Python\Python313\Scripts;C:\Program Files\Docker\Docker\resources\bin;C:\Program Files\Git\cmd;C:\Program Files\nodejs;C:\Program Files\apache-maven-3.9.9\bin;C:\Users\XRest\AppData\Local\Programs\Python\Python313;C:\Program Files (x86)\Vagrant\bin;C:\Users\XRest\AppData\Local\Microsoft\WindowsApps;C:\Users\XRest\AppData\Local\Microsoft\WindowsApps;C:\Users\XRest\AppData\Local\GitHubDesktop\bin;C:\msys64\mingw64\bin;C:\msys64\mingw64\etc;C:\Users\XRest\AppData\Local\Programs\Microsoft VS Code\bin;C:\Users\XRest\AppData\Roaming\npm;C:\Users\XRest\Downloads\jdk-23_windows-x64_bin\jdk-23.0.1\bin;C:\Program Files\Git\usr\bin\vendor_perl;C:\Program Files\Git\usr\bin\core_perl
USERNAME=XRest
SHELL=C:\Program Files\Git\usr\bin\bash.exe
DISPLAY=needs-to-be-defined
LC_CTYPE=en_US.UTF-8
TERM=xterm
TMPDIR=C:\Users\XRest\AppData\Local\Temp
OS=Windows_NT
PROCESSOR_IDENTIFIER=Intel64 Family 6 Model 61 Stepping 4, GenuineIntel
TMP=C:\Users\XRest\AppData\Local\Temp
TEMP=C:\Users\XRest\AppData\Local\Temp




Periodic native trim disabled

---------------  S Y S T E M  ---------------

OS:
 Windows 10 , 64 bit Build 19041 (10.0.19041.5915)
OS uptime: 22 days 18:37 hours
Hyper-V role detected

CPU: total 4 (initial active 4) (2 cores per cpu, 2 threads per core) family 6 model 61 stepping 4 microcode 0x2d, cx8, cmov, fxsr, ht, mmx, 3dnowpref, sse, sse2, sse3, ssse3, sse4.1, sse4.2, popcnt, lzcnt, tsc, tscinvbit, avx, avx2, aes, erms, clmul, bmi1, bmi2, adx, fma, vzeroupper, clflush, hv, rdtscp, f16c
Processor Information for the first 4 processors :
  Max Mhz: 2401, Current Mhz: 2300, Mhz Limit: 2376

Memory: 4k page, system-wide physical 8109M (133M free)
TotalPageFile size 32685M (AvailPageFile size 0M)
current process WorkingSet (physical memory assigned to process): 11M, peak: 1059M
current process commit charge ("private bytes"): 713M, peak: 1724M

vm_info: OpenJDK 64-Bit Server VM (21.0.8+9-LTS) for windows-amd64 JRE (21.0.8+9-LTS), built on 2025-07-15T00:00:00Z by "admin" with MS VC++ 17.7 (VS2022)

END.
